<?xml version="1.0" encoding="UTF-8"?>
<testsuite name="com.codestates.Section3Week1HomeworkControllerApplicationTests" tests="1" skipped="0" failures="0" errors="0" timestamp="2023-04-11T08:44:58" hostname="DESKTOP-BJE9JKE" time="0.471">
  <properties/>
  <testcase name="contextLoads()" classname="com.codestates.Section3Week1HomeworkControllerApplicationTests" time="0.471"/>
  <system-out><![CDATA[17:44:55.416 [Test worker] DEBUG org.springframework.test.context.BootstrapUtils - Instantiating CacheAwareContextLoaderDelegate from class [org.springframework.test.context.cache.DefaultCacheAwareContextLoaderDelegate]
17:44:55.435 [Test worker] DEBUG org.springframework.test.context.BootstrapUtils - Instantiating BootstrapContext using constructor [public org.springframework.test.context.support.DefaultBootstrapContext(java.lang.Class,org.springframework.test.context.CacheAwareContextLoaderDelegate)]
17:44:55.478 [Test worker] DEBUG org.springframework.test.context.BootstrapUtils - Instantiating TestContextBootstrapper for test class [com.codestates.Section3Week1HomeworkControllerApplicationTests] from class [org.springframework.boot.test.context.SpringBootTestContextBootstrapper]
17:44:55.495 [Test worker] INFO org.springframework.boot.test.context.SpringBootTestContextBootstrapper - Neither @ContextConfiguration nor @ContextHierarchy found for test class [com.codestates.Section3Week1HomeworkControllerApplicationTests], using SpringBootContextLoader
17:44:55.500 [Test worker] DEBUG org.springframework.test.context.support.AbstractContextLoader - Did not detect default resource location for test class [com.codestates.Section3Week1HomeworkControllerApplicationTests]: class path resource [com/codestates/Section3Week1HomeworkControllerApplicationTests-context.xml] does not exist
17:44:55.501 [Test worker] DEBUG org.springframework.test.context.support.AbstractContextLoader - Did not detect default resource location for test class [com.codestates.Section3Week1HomeworkControllerApplicationTests]: class path resource [com/codestates/Section3Week1HomeworkControllerApplicationTestsContext.groovy] does not exist
17:44:55.501 [Test worker] INFO org.springframework.test.context.support.AbstractContextLoader - Could not detect default resource locations for test class [com.codestates.Section3Week1HomeworkControllerApplicationTests]: no resource found for suffixes {-context.xml, Context.groovy}.
17:44:55.501 [Test worker] INFO org.springframework.test.context.support.AnnotationConfigContextLoaderUtils - Could not detect default configuration classes for test class [com.codestates.Section3Week1HomeworkControllerApplicationTests]: Section3Week1HomeworkControllerApplicationTests does not declare any static, non-private, non-final, nested classes annotated with @Configuration.
17:44:55.566 [Test worker] DEBUG org.springframework.test.context.support.ActiveProfilesUtils - Could not find an 'annotation declaring class' for annotation type [org.springframework.test.context.ActiveProfiles] and class [com.codestates.Section3Week1HomeworkControllerApplicationTests]
17:44:55.662 [Test worker] DEBUG org.springframework.context.annotation.ClassPathScanningCandidateComponentProvider - Identified candidate component class: file [C:\Users\전왕이\spring\be-homework-controller\build\classes\java\main\com\codestates\Section3Week1HomeworkControllerApplication.class]
17:44:55.663 [Test worker] INFO org.springframework.boot.test.context.SpringBootTestContextBootstrapper - Found @SpringBootConfiguration com.codestates.Section3Week1HomeworkControllerApplication for test class com.codestates.Section3Week1HomeworkControllerApplicationTests
17:44:55.829 [Test worker] DEBUG org.springframework.boot.test.context.SpringBootTestContextBootstrapper - @TestExecutionListeners is not present for class [com.codestates.Section3Week1HomeworkControllerApplicationTests]: using defaults.
17:44:55.829 [Test worker] INFO org.springframework.boot.test.context.SpringBootTestContextBootstrapper - Loaded default TestExecutionListener class names from location [META-INF/spring.factories]: [org.springframework.boot.test.autoconfigure.restdocs.RestDocsTestExecutionListener, org.springframework.boot.test.autoconfigure.web.client.MockRestServiceServerResetTestExecutionListener, org.springframework.boot.test.autoconfigure.web.servlet.MockMvcPrintOnlyOnFailureTestExecutionListener, org.springframework.boot.test.autoconfigure.web.servlet.WebDriverTestExecutionListener, org.springframework.boot.test.autoconfigure.webservices.client.MockWebServiceServerTestExecutionListener, org.springframework.boot.test.mock.mockito.MockitoTestExecutionListener, org.springframework.boot.test.mock.mockito.ResetMocksTestExecutionListener, org.springframework.test.context.web.ServletTestExecutionListener, org.springframework.test.context.support.DirtiesContextBeforeModesTestExecutionListener, org.springframework.test.context.event.ApplicationEventsTestExecutionListener, org.springframework.test.context.support.DependencyInjectionTestExecutionListener, org.springframework.test.context.support.DirtiesContextTestExecutionListener, org.springframework.test.context.transaction.TransactionalTestExecutionListener, org.springframework.test.context.jdbc.SqlScriptsTestExecutionListener, org.springframework.test.context.event.EventPublishingTestExecutionListener]
17:44:55.844 [Test worker] DEBUG org.springframework.boot.test.context.SpringBootTestContextBootstrapper - Skipping candidate TestExecutionListener [org.springframework.test.context.transaction.TransactionalTestExecutionListener] due to a missing dependency. Specify custom listener classes or make the default listener classes and their required dependencies available. Offending class: [org/springframework/transaction/interceptor/TransactionAttributeSource]
17:44:55.844 [Test worker] DEBUG org.springframework.boot.test.context.SpringBootTestContextBootstrapper - Skipping candidate TestExecutionListener [org.springframework.test.context.jdbc.SqlScriptsTestExecutionListener] due to a missing dependency. Specify custom listener classes or make the default listener classes and their required dependencies available. Offending class: [org/springframework/transaction/interceptor/TransactionAttribute]
17:44:55.845 [Test worker] INFO org.springframework.boot.test.context.SpringBootTestContextBootstrapper - Using TestExecutionListeners: [org.springframework.test.context.web.ServletTestExecutionListener@5bd1ceca, org.springframework.test.context.support.DirtiesContextBeforeModesTestExecutionListener@30c31dd7, org.springframework.test.context.event.ApplicationEventsTestExecutionListener@499b2a5c, org.springframework.boot.test.mock.mockito.MockitoTestExecutionListener@596df867, org.springframework.boot.test.autoconfigure.SpringBootDependencyInjectionTestExecutionListener@c1fca1e, org.springframework.test.context.support.DirtiesContextTestExecutionListener@241a53ef, org.springframework.test.context.event.EventPublishingTestExecutionListener@344344fa, org.springframework.boot.test.autoconfigure.restdocs.RestDocsTestExecutionListener@2db2cd5, org.springframework.boot.test.autoconfigure.web.client.MockRestServiceServerResetTestExecutionListener@70e659aa, org.springframework.boot.test.autoconfigure.web.servlet.MockMvcPrintOnlyOnFailureTestExecutionListener@615f972, org.springframework.boot.test.autoconfigure.web.servlet.WebDriverTestExecutionListener@285f09de, org.springframework.boot.test.autoconfigure.webservices.client.MockWebServiceServerTestExecutionListener@73393584, org.springframework.boot.test.mock.mockito.ResetMocksTestExecutionListener@31500940]
17:44:55.849 [Test worker] DEBUG org.springframework.test.context.support.AbstractDirtiesContextTestExecutionListener - Before test class: context [DefaultTestContext@443dbe42 testClass = Section3Week1HomeworkControllerApplicationTests, testInstance = [null], testMethod = [null], testException = [null], mergedContextConfiguration = [WebMergedContextConfiguration@473b3b7a testClass = Section3Week1HomeworkControllerApplicationTests, locations = '{}', classes = '{class com.codestates.Section3Week1HomeworkControllerApplication}', contextInitializerClasses = '[]', activeProfiles = '{}', propertySourceLocations = '{}', propertySourceProperties = '{org.springframework.boot.test.context.SpringBootTestContextBootstrapper=true}', contextCustomizers = set[org.springframework.boot.test.autoconfigure.actuate.metrics.MetricsExportContextCustomizerFactory$DisableMetricExportContextCustomizer@698122b2, org.springframework.boot.test.autoconfigure.properties.PropertyMappingContextCustomizer@0, org.springframework.boot.test.autoconfigure.web.servlet.WebDriverContextCustomizerFactory$Customizer@5e81e5ac, org.springframework.boot.test.context.filter.ExcludeFilterContextCustomizer@6035b93b, org.springframework.boot.test.json.DuplicateJsonObjectContextCustomizerFactory$DuplicateJsonObjectContextCustomizer@abf688e, org.springframework.boot.test.mock.mockito.MockitoContextCustomizer@0, org.springframework.boot.test.web.client.TestRestTemplateContextCustomizer@607fbe09, org.springframework.boot.test.context.SpringBootTestArgs@1, org.springframework.boot.test.context.SpringBootTestWebEnvironment@79defdc], resourceBasePath = 'src/main/webapp', contextLoader = 'org.springframework.boot.test.context.SpringBootContextLoader', parent = [null]], attributes = map['org.springframework.test.context.web.ServletTestExecutionListener.activateListener' -> true]], class annotated with @DirtiesContext [false] with mode [null].

  .   ____          _            __ _ _
 /\\ / ___'_ __ _ _(_)_ __  __ _ \ \ \ \
( ( )\___ | '_ | '_| | '_ \/ _` | \ \ \ \
 \\/  ___)| |_)| | | | | || (_| |  ) ) ) )
  '  |____| .__|_| |_|_| |_\__, | / / / /
 =========|_|==============|___/=/_/_/_/
 :: Spring Boot ::                (v2.6.7)

2023-04-11 17:44:56.280  INFO 20388 --- [    Test worker] 3Week1HomeworkControllerApplicationTests : Starting Section3Week1HomeworkControllerApplicationTests using Java 11.0.18 on DESKTOP-BJE9JKE with PID 20388 (started by 전왕이 in C:\Users\전왕이\spring\be-homework-controller)
2023-04-11 17:44:56.282  INFO 20388 --- [    Test worker] 3Week1HomeworkControllerApplicationTests : No active profile set, falling back to 1 default profile: "default"
2023-04-11 17:44:58.159  INFO 20388 --- [    Test worker] 3Week1HomeworkControllerApplicationTests : Started Section3Week1HomeworkControllerApplicationTests in 2.262 seconds (JVM running for 4.217)
]]></system-out>
  <system-err><![CDATA[]]></system-err>
</testsuite>
